#
# There is insufficient memory for the Java Runtime Environment to continue.
# Native memory allocation (mmap) failed to map 40894464 bytes for Failed to commit area from 0x000000074da00000 to 0x0000000750100000 of length 40894464.
# Possible reasons:
#   The system is out of physical RAM or swap space
#   The process is running with CompressedOops enabled, and the Java Heap may be blocking the growth of the native heap
# Possible solutions:
#   Reduce memory load on the system
#   Increase physical memory or swap space
#   Check if swap backing store is full
#   Decrease Java heap size (-Xmx/-Xms)
#   Decrease number of Java threads
#   Decrease Java thread stack sizes (-Xss)
#   Set larger code cache with -XX:ReservedCodeCacheSize=
#   JVM is running with Zero Based Compressed Oops mode in which the Java heap is
#     placed in the first 32GB address space. The Java Heap base address is the
#     maximum limit for the native heap growth. Please use -XX:HeapBaseMinAddress
#     to set the Java Heap base and to place the Java Heap above 32GB virtual address.
# This output file may be truncated or incomplete.
#
#  Out of Memory Error (t:/workspace/open/src/hotspot/os/windows/os_windows.cpp:3269), pid=14360, tid=16760
#
# JRE version: OpenJDK Runtime Environment (11.0+28) (build 11+28)
# Java VM: OpenJDK 64-Bit Server VM (11+28, mixed mode, tiered, compressed oops, g1 gc, windows-amd64)
# No core dump will be written. Minidumps are not enabled by default on client versions of Windows
#

---------------  S U M M A R Y ------------

Command Line: -agentlib:jdwp=transport=dt_socket,address=127.0.0.1:52779,suspend=y,server=n -XX:TieredStopAtLevel=1 -Xverify:none -Dspring.output.ansi.enabled=always -Dcom.sun.management.jmxremote -Dspring.jmx.enabled=true -Dspring.liveBeansView.mbeanDomain -Dspring.application.admin.enabled=true -javaagent:C:\Users\HOME\.IntelliJIdea2019.2\system\captureAgent\debugger-agent.jar -Dfile.encoding=UTF-8 com.storyart.commentservice.CommentServiceApplication

Host: Intel(R) Core(TM) i5-6200U CPU @ 2.30GHz, 4 cores, 11G,  Windows 10 , 64 bit Build 17763 (10.0.17763.475)
Time: Fri Mar 13 22:57:11 2020 SE Asia Standard Time elapsed time: 16 seconds (0d 0h 0m 16s)

---------------  T H R E A D  ---------------

Current thread (0x000002794ec55000):  VMThread "VM Thread" [stack: 0x000000d433d00000,0x000000d433e00000] [id=16760]

Stack: [0x000000d433d00000,0x000000d433e00000]
[error occurred during error reporting (printing stack bounds), id 0xc0000005, EXCEPTION_ACCESS_VIOLATION (0xc0000005) at pc=0x0000027935620bad]

Native frames: (J=compiled Java code, j=interpreted, Vv=VM code, C=native code)
V  [jvm.dll+0x63adaa]
V  [jvm.dll+0x77852f]
V  [jvm.dll+0x779b18]
V  [jvm.dll+0x77a135]
V  [jvm.dll+0x77a0eb]
V  [jvm.dll+0x63a4a6]
V  [jvm.dll+0x63a878]
C  [ntdll.dll+0xa477f]
C  [ntdll.dll+0x4bef]
C  [ntdll.dll+0xa34ee]
C  0x0000027935620bad

VM_Operation (0x000000d4337fb330): CollectForMetadataAllocation, mode: safepoint, requested by thread 0x000002792d2f8800


---------------  P R O C E S S  ---------------

Threads class SMR info:
_java_thread_list=0x00000279532565d0, length=23, elements={
0x000002792d2f8800, 0x000002794ec7c800, 0x000002794ec7d800, 0x000002794ece6800,
0x000002794ece8800, 0x000002794ece9800, 0x000002794ecec800, 0x000002794ee97800,
0x000002794eeef800, 0x000002794eef2800, 0x000002794eef6000, 0x000002794f6b6800,
0x000002794f863000, 0x000002794f850800, 0x000002794f84b800, 0x0000027950691800,
0x0000027950714800, 0x0000027950228000, 0x0000027950830800, 0x000002795077c000,
0x0000027950cfd800, 0x0000027951056800, 0x0000027950cfc800
}

Java Threads: ( => current thread )
  0x000002792d2f8800 JavaThread "main" [_thread_blocked, id=22448, stack(0x000000d433700000,0x000000d433800000)]
  0x000002794ec7c800 JavaThread "Reference Handler" daemon [_thread_blocked, id=8968, stack(0x000000d433e00000,0x000000d433f00000)]
  0x000002794ec7d800 JavaThread "Finalizer" daemon [_thread_blocked, id=3128, stack(0x000000d433f00000,0x000000d434000000)]
  0x000002794ece6800 JavaThread "Signal Dispatcher" daemon [_thread_blocked, id=21408, stack(0x000000d434000000,0x000000d434100000)]
  0x000002794ece8800 JavaThread "Attach Listener" daemon [_thread_blocked, id=11760, stack(0x000000d434100000,0x000000d434200000)]
  0x000002794ece9800 JavaThread "C1 CompilerThread0" daemon [_thread_blocked, id=8132, stack(0x000000d434200000,0x000000d434300000)]
  0x000002794ecec800 JavaThread "Sweeper thread" daemon [_thread_blocked, id=27068, stack(0x000000d434300000,0x000000d434400000)]
  0x000002794ee97800 JavaThread "Common-Cleaner" daemon [_thread_blocked, id=11896, stack(0x000000d434400000,0x000000d434500000)]
  0x000002794eeef800 JavaThread "JDWP Transport Listener: dt_socket" daemon [_thread_blocked, id=26360, stack(0x000000d434600000,0x000000d434700000)]
  0x000002794eef2800 JavaThread "JDWP Event Helper Thread" daemon [_thread_blocked, id=18064, stack(0x000000d434700000,0x000000d434800000)]
  0x000002794eef6000 JavaThread "JDWP Command Reader" daemon [_thread_in_native, id=15504, stack(0x000000d434800000,0x000000d434900000)]
  0x000002794f6b6800 JavaThread "Service Thread" daemon [_thread_blocked, id=15708, stack(0x000000d434900000,0x000000d434a00000)]
  0x000002794f863000 JavaThread "C1 CompilerThread1" daemon [_thread_blocked, id=9452, stack(0x000000d434500000,0x000000d434600000)]
  0x000002794f850800 JavaThread "C1 CompilerThread2" daemon [_thread_blocked, id=5180, stack(0x000000d434d00000,0x000000d434e00000)]
  0x000002794f84b800 JavaThread "RMI TCP Accept-0" daemon [_thread_in_native, id=27580, stack(0x000000d434e00000,0x000000d434f00000)]
  0x0000027950691800 JavaThread "RMI TCP Connection(1)-192.168.1.103" daemon [_thread_in_native, id=2252, stack(0x000000d435100000,0x000000d435200000)]
  0x0000027950714800 JavaThread "RMI Scheduler(0)" daemon [_thread_blocked, id=22840, stack(0x000000d435200000,0x000000d435300000)]
  0x0000027950228000 JavaThread "Catalina-utility-1" [_thread_blocked, id=25172, stack(0x000000d435000000,0x000000d435100000)]
  0x0000027950830800 JavaThread "Catalina-utility-2" [_thread_blocked, id=17164, stack(0x000000d435300000,0x000000d435400000)]
  0x000002795077c000 JavaThread "container-0" [_thread_blocked, id=10836, stack(0x000000d435400000,0x000000d435500000)]
  0x0000027950cfd800 JavaThread "mysql-cj-abandoned-connection-cleanup" daemon [_thread_blocked, id=21524, stack(0x000000d435500000,0x000000d435600000)]
  0x0000027951056800 JavaThread "HikariPool-1 housekeeper" daemon [_thread_blocked, id=9632, stack(0x000000d435700000,0x000000d435800000)]
  0x0000027950cfc800 JavaThread "HikariPool-1 connection adder" daemon [_thread_blocked, id=21940, stack(0x000000d435800000,0x000000d435900000)]

Other Threads:
=>0x000002794ec55000 VMThread "VM Thread" [stack: 0x000000d433d00000,0x000000d433e00000] [id=16760]
  0x000002794f85e800 WatcherThread [stack: 0x000000d434f00000,0x000000d435000000] [id=11788]
  0x000002792d30f800 GCTaskThread "GC Thread#0" [stack: 0x000000d433800000,0x000000d433900000] [id=15352]
  0x000002794f7e2800 GCTaskThread "GC Thread#1" [stack: 0x000000d434a00000,0x000000d434b00000] [id=15636]
  0x000002794f7e3800 GCTaskThread "GC Thread#2" [stack: 0x000000d434b00000,0x000000d434c00000] [id=14236]
  0x000002794f7e8000 GCTaskThread "GC Thread#3" [stack: 0x000000d434c00000,0x000000d434d00000] [id=21980]
  0x000002792d355000 ConcurrentGCThread "G1 Main Marker" [stack: 0x000000d433900000,0x000000d433a00000] [id=19848]
  0x000002792d356800 ConcurrentGCThread "G1 Conc#0" [stack: 0x000000d433a00000,0x000000d433b00000] [id=10096]
  0x000002792d3ae000 ConcurrentGCThread "G1 Refine#0" [stack: 0x000000d433b00000,0x000000d433c00000] [id=24768]
  0x000002794e2b7800 ConcurrentGCThread "G1 Young RemSet Sampling" [stack: 0x000000d433c00000,0x000000d433d00000] [id=25144]

Threads with active compile tasks:

VM state:at safepoint (normal execution)

VM Mutex/Monitor currently owned by a thread:  ([mutex/lock_event])
[0x000002792d2f7ad0] Threads_lock - owner thread: 0x000002794ec55000
[0x000002792d2f7bf0] Heap_lock - owner thread: 0x000002792d2f8800

Heap address: 0x0000000741a00000, size: 3046 MB, Compressed Oops mode: Zero based, Oop shift amount: 3
Narrow klass base: 0x0000000800000000, Narrow klass shift: 0
Compressed class space size: 1073741824 Address: 0x0000000800000000

Heap:
 garbage-first heap   total 236544K, used 28224K [0x0000000741a00000, 0x0000000800000000)
  region size 1024K, 6 young (6144K), 6 survivors (6144K)
 Metaspace       used 58489K, capacity 59945K, committed 60028K, reserved 1101824K
  class space    used 7566K, capacity 8147K, committed 8192K, reserved 1048576K
Heap Regions: E=young(eden), S=young(survivor), O=old, HS=humongous(starts), HC=humongous(continues), CS=collection set, F=free, A=archive, TAMS=top-at-mark-start (previous, next)
|   0|0x0000000741a00000, 0x0000000741b00000, 0x0000000741b00000|100%|HS|  |TAMS 0x0000000741b00000, 0x0000000741b00000| Complete 
|   1|0x0000000741b00000, 0x0000000741c00000, 0x0000000741c00000|100%| O|  |TAMS 0x0000000741c00000, 0x0000000741c00000| Untracked 
|   2|0x0000000741c00000, 0x0000000741d00000, 0x0000000741d00000|100%| O|  |TAMS 0x0000000741d00000, 0x0000000741d00000| Untracked 
|   3|0x0000000741d00000, 0x0000000741e00000, 0x0000000741e00000|100%| O|  |TAMS 0x0000000741e00000, 0x0000000741e00000| Untracked 
|   4|0x0000000741e00000, 0x0000000741f00000, 0x0000000741f00000|100%| O|  |TAMS 0x0000000741f00000, 0x0000000741f00000| Untracked 
|   5|0x0000000741f00000, 0x0000000742000000, 0x0000000742000000|100%| O|  |TAMS 0x0000000742000000, 0x0000000742000000| Untracked 
|   6|0x0000000742000000, 0x0000000742100000, 0x0000000742100000|100%| O|  |TAMS 0x0000000742100000, 0x0000000742100000| Untracked 
|   7|0x0000000742100000, 0x0000000742200000, 0x0000000742200000|100%| O|  |TAMS 0x00000007421c8800, 0x0000000742200000| Untracked 
|   8|0x0000000742200000, 0x0000000742300000, 0x0000000742300000|100%| O|  |TAMS 0x0000000742200000, 0x0000000742300000| Untracked 
|   9|0x0000000742300000, 0x0000000742400000, 0x0000000742400000|100%| O|  |TAMS 0x0000000742300000, 0x0000000742400000| Untracked 
|  10|0x0000000742400000, 0x0000000742500000, 0x0000000742500000|100%| O|  |TAMS 0x0000000742400000, 0x0000000742500000| Untracked 
|  11|0x0000000742500000, 0x0000000742600000, 0x0000000742600000|100%| O|  |TAMS 0x0000000742500000, 0x0000000742600000| Untracked 
|  12|0x0000000742600000, 0x0000000742700000, 0x0000000742700000|100%| O|  |TAMS 0x0000000742600000, 0x0000000742700000| Untracked 
|  13|0x0000000742700000, 0x0000000742800000, 0x0000000742800000|100%| O|  |TAMS 0x0000000742700000, 0x0000000742800000| Untracked 
|  14|0x0000000742800000, 0x0000000742900000, 0x0000000742900000|100%| O|  |TAMS 0x0000000742800000, 0x0000000742900000| Untracked 
|  15|0x0000000742900000, 0x0000000742a00000, 0x0000000742a00000|100%| O|  |TAMS 0x0000000742900000, 0x0000000742a00000| Untracked 
|  16|0x0000000742a00000, 0x0000000742b00000, 0x0000000742b00000|100%| O|  |TAMS 0x0000000742a00000, 0x0000000742b00000| Untracked 
|  17|0x0000000742b00000, 0x0000000742c00000, 0x0000000742c00000|100%| O|  |TAMS 0x0000000742b00000, 0x0000000742c00000| Untracked 
|  18|0x0000000742c00000, 0x0000000742d00000, 0x0000000742d00000|100%| O|  |TAMS 0x0000000742c00000, 0x0000000742d00000| Untracked 
|  19|0x0000000742d00000, 0x0000000742e00000, 0x0000000742e00000|100%| O|  |TAMS 0x0000000742d00000, 0x0000000742e00000| Untracked 
|  20|0x0000000742e00000, 0x0000000742f00000, 0x0000000742f00000|100%| O|  |TAMS 0x0000000742e00000, 0x0000000742f00000| Untracked 
|  21|0x0000000742f00000, 0x0000000742f90000, 0x0000000743000000| 56%| O|  |TAMS 0x0000000742f00000, 0x0000000742f90000| Untracked 
|  22|0x0000000743000000, 0x0000000743000000, 0x0000000743100000|  0%| F|  |TAMS 0x0000000743000000, 0x0000000743000000| Untracked 
|  23|0x0000000743100000, 0x0000000743100000, 0x0000000743200000|  0%| F|  |TAMS 0x0000000743100000, 0x0000000743100000| Untracked 
|  24|0x0000000743200000, 0x0000000743200000, 0x0000000743300000|  0%| F|  |TAMS 0x0000000743200000, 0x0000000743200000| Untracked 
|  25|0x0000000743300000, 0x0000000743300000, 0x0000000743400000|  0%| F|  |TAMS 0x0000000743300000, 0x0000000743300000| Untracked 
|  26|0x0000000743400000, 0x0000000743400000, 0x0000000743500000|  0%| F|  |TAMS 0x0000000743400000, 0x0000000743400000| Untracked 
|  27|0x0000000743500000, 0x0000000743500000, 0x0000000743600000|  0%| F|  |TAMS 0x0000000743500000, 0x0000000743500000| Untracked 
|  28|0x0000000743600000, 0x0000000743600000, 0x0000000743700000|  0%| F|  |TAMS 0x0000000743600000, 0x0000000743600000| Untracked 
|  29|0x0000000743700000, 0x0000000743700000, 0x0000000743800000|  0%| F|  |TAMS 0x0000000743700000, 0x0000000743700000| Untracked 
|  30|0x0000000743800000, 0x0000000743800000, 0x0000000743900000|  0%| F|  |TAMS 0x0000000743800000, 0x0000000743800000| Untracked 
|  31|0x0000000743900000, 0x0000000743900000, 0x0000000743a00000|  0%| F|  |TAMS 0x0000000743900000, 0x0000000743900000| Untracked 
|  32|0x0000000743a00000, 0x0000000743a00000, 0x0000000743b00000|  0%| F|  |TAMS 0x0000000743a00000, 0x0000000743a00000| Untracked 
|  33|0x0000000743b00000, 0x0000000743b00000, 0x0000000743c00000|  0%| F|  |TAMS 0x0000000743b00000, 0x0000000743b00000| Untracked 
|  34|0x0000000743c00000, 0x0000000743c00000, 0x0000000743d00000|  0%| F|  |TAMS 0x0000000743c00000, 0x0000000743c00000| Untracked 
|  35|0x0000000743d00000, 0x0000000743d00000, 0x0000000743e00000|  0%| F|  |TAMS 0x0000000743d00000, 0x0000000743d00000| Untracked 
|  36|0x0000000743e00000, 0x0000000743e00000, 0x0000000743f00000|  0%| F|  |TAMS 0x0000000743e00000, 0x0000000743e00000| Untracked 
|  37|0x0000000743f00000, 0x0000000743f00000, 0x0000000744000000|  0%| F|  |TAMS 0x0000000743f00000, 0x0000000743f00000| Untracked 
|  38|0x0000000744000000, 0x0000000744000000, 0x0000000744100000|  0%| F|  |TAMS 0x0000000744000000, 0x0000000744000000| Untracked 
|  39|0x0000000744100000, 0x0000000744100000, 0x0000000744200000|  0%| F|  |TAMS 0x0000000744100000, 0x0000000744100000| Untracked 
|  40|0x0000000744200000, 0x0000000744200000, 0x0000000744300000|  0%| F|  |TAMS 0x0000000744200000, 0x0000000744200000| Untracked 
|  41|0x0000000744300000, 0x0000000744300000, 0x0000000744400000|  0%| F|  |TAMS 0x0000000744300000, 0x0000000744300000| Untracked 
|  42|0x0000000744400000, 0x0000000744400000, 0x0000000744500000|  0%| F|  |TAMS 0x0000000744400000, 0x0000000744400000| Untracked 
|  43|0x0000000744500000, 0x0000000744500000, 0x0000000744600000|  0%| F|  |TAMS 0x0000000744500000, 0x0000000744500000| Untracked 
|  44|0x0000000744600000, 0x0000000744600000, 0x0000000744700000|  0%| F|  |TAMS 0x0000000744600000, 0x0000000744600000| Untracked 
|  45|0x0000000744700000, 0x0000000744700000, 0x0000000744800000|  0%| F|  |TAMS 0x0000000744700000, 0x0000000744700000| Untracked 
|  46|0x0000000744800000, 0x0000000744800000, 0x0000000744900000|  0%| F|  |TAMS 0x0000000744800000, 0x0000000744800000| Untracked 
|  47|0x0000000744900000, 0x0000000744900000, 0x0000000744a00000|  0%| F|  |TAMS 0x0000000744900000, 0x0000000744900000| Untracked 
|  48|0x0000000744a00000, 0x0000000744a00000, 0x0000000744b00000|  0%| F|  |TAMS 0x0000000744a00000, 0x0000000744a00000| Untracked 
|  49|0x0000000744b00000, 0x0000000744b00000, 0x0000000744c00000|  0%| F|  |TAMS 0x0000000744b00000, 0x0000000744b00000| Untracked 
|  50|0x0000000744c00000, 0x0000000744c00000, 0x0000000744d00000|  0%| F|  |TAMS 0x0000000744c00000, 0x0000000744c00000| Untracked 
|  51|0x0000000744d00000, 0x0000000744d00000, 0x0000000744e00000|  0%| F|  |TAMS 0x0000000744d00000, 0x0000000744d00000| Untracked 
|  52|0x0000000744e00000, 0x0000000744e00000, 0x0000000744f00000|  0%| F|  |TAMS 0x0000000744e00000, 0x0000000744e00000| Untracked 
|  53|0x0000000744f00000, 0x0000000744f00000, 0x0000000745000000|  0%| F|  |TAMS 0x0000000744f00000, 0x0000000744f00000| Untracked 
|  54|0x0000000745000000, 0x0000000745000000, 0x0000000745100000|  0%| F|  |TAMS 0x0000000745000000, 0x0000000745000000| Untracked 
|  55|0x0000000745100000, 0x0000000745100000, 0x0000000745200000|  0%| F|  |TAMS 0x0000000745100000, 0x0000000745100000| Untracked 
|  56|0x0000000745200000, 0x0000000745200000, 0x0000000745300000|  0%| F|  |TAMS 0x0000000745200000, 0x0000000745200000| Untracked 
|  57|0x0000000745300000, 0x0000000745300000, 0x0000000745400000|  0%| F|  |TAMS 0x0000000745300000, 0x0000000745300000| Untracked 
|  58|0x0000000745400000, 0x0000000745400000, 0x0000000745500000|  0%| F|  |TAMS 0x0000000745400000, 0x0000000745400000| Untracked 
|  59|0x0000000745500000, 0x0000000745500000, 0x0000000745600000|  0%| F|  |TAMS 0x0000000745500000, 0x0000000745500000| Untracked 
|  60|0x0000000745600000, 0x0000000745600000, 0x0000000745700000|  0%| F|  |TAMS 0x0000000745600000, 0x0000000745600000| Untracked 
|  61|0x0000000745700000, 0x0000000745700000, 0x0000000745800000|  0%| F|  |TAMS 0x0000000745700000, 0x0000000745700000| Untracked 
|  62|0x0000000745800000, 0x0000000745800000, 0x0000000745900000|  0%| F|  |TAMS 0x0000000745800000, 0x0000000745800000| Untracked 
|  63|0x0000000745900000, 0x0000000745900000, 0x0000000745a00000|  0%| F|  |TAMS 0x0000000745900000, 0x0000000745900000| Untracked 
|  64|0x0000000745a00000, 0x0000000745a00000, 0x0000000745b00000|  0%| F|  |TAMS 0x0000000745a00000, 0x0000000745a00000| Untracked 
|  65|0x0000000745b00000, 0x0000000745b00000, 0x0000000745c00000|  0%| F|  |TAMS 0x0000000745b00000, 0x0000000745b00000| Untracked 
|  66|0x0000000745c00000, 0x0000000745c00000, 0x0000000745d00000|  0%| F|  |TAMS 0x0000000745c00000, 0x0000000745c00000| Untracked 
|  67|0x0000000745d00000, 0x0000000745d00000, 0x0000000745e00000|  0%| F|  |TAMS 0x0000000745d00000, 0x0000000745d00000| Untracked 
|  68|0x0000000745e00000, 0x0000000745e00000, 0x0000000745f00000|  0%| F|  |TAMS 0x0000000745e00000, 0x0000000745e00000| Untracked 
|  69|0x0000000745f00000, 0x0000000745f00000, 0x0000000746000000|  0%| F|  |TAMS 0x0000000745f00000, 0x0000000745f00000| Untracked 
|  70|0x0000000746000000, 0x0000000746000000, 0x0000000746100000|  0%| F|  |TAMS 0x0000000746000000, 0x0000000746000000| Untracked 
|  71|0x0000000746100000, 0x0000000746100000, 0x0000000746200000|  0%| F|  |TAMS 0x0000000746100000, 0x0000000746100000| Untracked 
|  72|0x0000000746200000, 0x0000000746200000, 0x0000000746300000|  0%| F|  |TAMS 0x0000000746200000, 0x0000000746200000| Untracked 
|  73|0x0000000746300000, 0x0000000746300000, 0x0000000746400000|  0%| F|  |TAMS 0x0000000746300000, 0x0000000746300000| Untracked 
|  74|0x0000000746400000, 0x0000000746400000, 0x0000000746500000|  0%| F|  |TAMS 0x0000000746400000, 0x0000000746400000| Untracked 
|  75|0x0000000746500000, 0x0000000746500000, 0x0000000746600000|  0%| F|  |TAMS 0x0000000746500000, 0x0000000746500000| Untracked 
|  76|0x0000000746600000, 0x0000000746600000, 0x0000000746700000|  0%| F|  |TAMS 0x0000000746600000, 0x0000000746600000| Untracked 
|  77|0x0000000746700000, 0x0000000746700000, 0x0000000746800000|  0%| F|  |TAMS 0x0000000746700000, 0x0000000746700000| Untracked 
|  78|0x0000000746800000, 0x0000000746800000, 0x0000000746900000|  0%| F|  |TAMS 0x0000000746800000, 0x0000000746800000| Untracked 
|  79|0x0000000746900000, 0x0000000746900000, 0x0000000746a00000|  0%| F|  |TAMS 0x0000000746900000, 0x0000000746900000| Untracked 
|  80|0x0000000746a00000, 0x0000000746a00000, 0x0000000746b00000|  0%| F|  |TAMS 0x0000000746a00000, 0x0000000746a00000| Untracked 
|  81|0x0000000746b00000, 0x0000000746b00000, 0x0000000746c00000|  0%| F|  |TAMS 0x0000000746b00000, 0x0000000746b00000| Untracked 
|  82|0x0000000746c00000, 0x0000000746c00000, 0x0000000746d00000|  0%| F|  |TAMS 0x0000000746c00000, 0x0000000746c00000| Untracked 
|  83|0x0000000746d00000, 0x0000000746d00000, 0x0000000746e00000|  0%| F|  |TAMS 0x0000000746d00000, 0x0000000746d00000| Untracked 
|  84|0x0000000746e00000, 0x0000000746e00000, 0x0000000746f00000|  0%| F|  |TAMS 0x0000000746e00000, 0x0000000746e00000| Untracked 
|  85|0x0000000746f00000, 0x0000000746f00000, 0x0000000747000000|  0%| F|  |TAMS 0x0000000746f00000, 0x0000000746f00000| Untracked 
|  86|0x0000000747000000, 0x0000000747000000, 0x0000000747100000|  0%| F|  |TAMS 0x0000000747000000, 0x0000000747000000| Untracked 
|  87|0x0000000747100000, 0x0000000747100000, 0x0000000747200000|  0%| F|  |TAMS 0x0000000747100000, 0x0000000747100000| Untracked 
|  88|0x0000000747200000, 0x0000000747200000, 0x0000000747300000|  0%| F|  |TAMS 0x0000000747200000, 0x0000000747200000| Untracked 
|  89|0x0000000747300000, 0x0000000747300000, 0x0000000747400000|  0%| F|  |TAMS 0x0000000747300000, 0x0000000747300000| Untracked 
|  90|0x0000000747400000, 0x0000000747400000, 0x0000000747500000|  0%| F|  |TAMS 0x0000000747400000, 0x0000000747400000| Untracked 
|  91|0x0000000747500000, 0x0000000747500000, 0x0000000747600000|  0%| F|  |TAMS 0x0000000747500000, 0x0000000747500000| Untracked 
|  92|0x0000000747600000, 0x0000000747600000, 0x0000000747700000|  0%| F|  |TAMS 0x0000000747600000, 0x0000000747600000| Untracked 
|  93|0x0000000747700000, 0x0000000747700000, 0x0000000747800000|  0%| F|  |TAMS 0x0000000747700000, 0x0000000747700000| Untracked 
|  94|0x0000000747800000, 0x0000000747800000, 0x0000000747900000|  0%| F|  |TAMS 0x0000000747800000, 0x0000000747800000| Untracked 
|  95|0x0000000747900000, 0x0000000747900000, 0x0000000747a00000|  0%| F|  |TAMS 0x0000000747900000, 0x0000000747900000| Untracked 
|  96|0x0000000747a00000, 0x0000000747a00000, 0x0000000747b00000|  0%| F|  |TAMS 0x0000000747a00000, 0x0000000747a00000| Untracked 
|  97|0x0000000747b00000, 0x0000000747b00000, 0x0000000747c00000|  0%| F|  |TAMS 0x0000000747b00000, 0x0000000747b00000| Untracked 
|  98|0x0000000747c00000, 0x0000000747c00000, 0x0000000747d00000|  0%| F|  |TAMS 0x0000000747c00000, 0x0000000747c00000| Untracked 
|  99|0x0000000747d00000, 0x0000000747d00000, 0x0000000747e00000|  0%| F|  |TAMS 0x0000000747d00000, 0x0000000747d00000| Untracked 
| 100|0x0000000747e00000, 0x0000000747e00000, 0x0000000747f00000|  0%| F|  |TAMS 0x0000000747e00000, 0x0000000747e00000| Untracked 
| 101|0x0000000747f00000, 0x0000000747f00000, 0x0000000748000000|  0%| F|  |TAMS 0x0000000747f00000, 0x0000000747f00000| Untracked 
| 102|0x0000000748000000, 0x0000000748000000, 0x0000000748100000|  0%| F|  |TAMS 0x0000000748000000, 0x0000000748000000| Untracked 
| 103|0x0000000748100000, 0x0000000748100000, 0x0000000748200000|  0%| F|  |TAMS 0x0000000748100000, 0x0000000748100000| Untracked 
| 104|0x0000000748200000, 0x0000000748200000, 0x0000000748300000|  0%| F|  |TAMS 0x0000000748200000, 0x0000000748200000| Untracked 
| 105|0x0000000748300000, 0x0000000748300000, 0x0000000748400000|  0%| F|  |TAMS 0x0000000748300000, 0x0000000748300000| Untracked 
| 106|0x0000000748400000, 0x0000000748400000, 0x0000000748500000|  0%| F|  |TAMS 0x0000000748400000, 0x0000000748400000| Untracked 
| 107|0x0000000748500000, 0x0000000748500000, 0x0000000748600000|  0%| F|  |TAMS 0x0000000748500000, 0x0000000748500000| Untracked 
| 108|0x0000000748600000, 0x0000000748600000, 0x0000000748700000|  0%| F|  |TAMS 0x0000000748600000, 0x0000000748600000| Untracked 
| 109|0x0000000748700000, 0x0000000748700000, 0x0000000748800000|  0%| F|  |TAMS 0x0000000748700000, 0x0000000748700000| Untracked 
| 110|0x0000000748800000, 0x0000000748800000, 0x0000000748900000|  0%| F|  |TAMS 0x0000000748800000, 0x0000000748800000| Untracked 
| 111|0x0000000748900000, 0x0000000748900000, 0x0000000748a00000|  0%| F|  |TAMS 0x0000000748900000, 0x0000000748900000| Untracked 
| 112|0x0000000748a00000, 0x0000000748a00000, 0x0000000748b00000|  0%| F|  |TAMS 0x0000000748a00000, 0x0000000748a00000| Untracked 
| 113|0x0000000748b00000, 0x0000000748b00000, 0x0000000748c00000|  0%| F|  |TAMS 0x0000000748b00000, 0x0000000748b00000| Untracked 
| 114|0x0000000748c00000, 0x0000000748c00000, 0x0000000748d00000|  0%| F|  |TAMS 0x0000000748c00000, 0x0000000748c00000| Untracked 
| 115|0x0000000748d00000, 0x0000000748d00000, 0x0000000748e00000|  0%| F|  |TAMS 0x0000000748d00000, 0x0000000748d00000| Untracked 
| 116|0x0000000748e00000, 0x0000000748e00000, 0x0000000748f00000|  0%| F|  |TAMS 0x0000000748e00000, 0x0000000748e00000| Untracked 
| 117|0x0000000748f00000, 0x0000000748f00000, 0x0000000749000000|  0%| F|  |TAMS 0x0000000748f00000, 0x0000000748f00000| Untracked 
| 118|0x0000000749000000, 0x0000000749000000, 0x0000000749100000|  0%| F|  |TAMS 0x0000000749000000, 0x0000000749000000| Untracked 
| 119|0x0000000749100000, 0x0000000749100000, 0x0000000749200000|  0%| F|  |TAMS 0x0000000749100000, 0x0000000749100000| Untracked 
| 120|0x0000000749200000, 0x0000000749200000, 0x0000000749300000|  0%| F|  |TAMS 0x0000000749200000, 0x0000000749200000| Untracked 
| 121|0x0000000749300000, 0x0000000749300000, 0x0000000749400000|  0%| F|  |TAMS 0x0000000749300000, 0x0000000749300000| Untracked 
| 122|0x0000000749400000, 0x0000000749400000, 0x0000000749500000|  0%| F|  |TAMS 0x0000000749400000, 0x0000000749400000| Untracked 
| 123|0x0000000749500000, 0x0000000749500000, 0x0000000749600000|  0%| F|  |TAMS 0x0000000749500000, 0x0000000749500000| Untracked 
| 124|0x0000000749600000, 0x0000000749600000, 0x0000000749700000|  0%| F|  |TAMS 0x0000000749600000, 0x0000000749600000| Untracked 
| 125|0x0000000749700000, 0x0000000749700000, 0x0000000749800000|  0%| F|  |TAMS 0x0000000749700000, 0x0000000749700000| Untracked 
| 126|0x0000000749800000, 0x0000000749800000, 0x0000000749900000|  0%| F|  |TAMS 0x0000000749800000, 0x0000000749800000| Untracked 
| 127|0x0000000749900000, 0x0000000749900000, 0x0000000749a00000|  0%| F|  |TAMS 0x0000000749900000, 0x0000000749900000| Untracked 
| 128|0x0000000749a00000, 0x0000000749a00000, 0x0000000749b00000|  0%| F|  |TAMS 0x0000000749a00000, 0x0000000749a00000| Untracked 
| 129|0x0000000749b00000, 0x0000000749b00000, 0x0000000749c00000|  0%| F|  |TAMS 0x0000000749b00000, 0x0000000749b00000| Untracked 
| 130|0x0000000749c00000, 0x0000000749c00000, 0x0000000749d00000|  0%| F|  |TAMS 0x0000000749c00000, 0x0000000749c00000| Untracked 
| 131|0x0000000749d00000, 0x0000000749d00000, 0x0000000749e00000|  0%| F|  |TAMS 0x0000000749d00000, 0x0000000749d00000| Untracked 
| 132|0x0000000749e00000, 0x0000000749e00000, 0x0000000749f00000|  0%| F|  |TAMS 0x0000000749e00000, 0x0000000749e00000| Untracked 
| 133|0x0000000749f00000, 0x0000000749f00000, 0x000000074a000000|  0%| F|  |TAMS 0x0000000749f00000, 0x0000000749f00000| Untracked 
| 134|0x000000074a000000, 0x000000074a000000, 0x000000074a100000|  0%| F|  |TAMS 0x000000074a000000, 0x000000074a000000| Untracked 
| 135|0x000000074a100000, 0x000000074a100000, 0x000000074a200000|  0%| F|  |TAMS 0x000000074a100000, 0x000000074a100000| Untracked 
| 136|0x000000074a200000, 0x000000074a200000, 0x000000074a300000|  0%| F|  |TAMS 0x000000074a200000, 0x000000074a200000| Untracked 
| 137|0x000000074a300000, 0x000000074a300000, 0x000000074a400000|  0%| F|  |TAMS 0x000000074a300000, 0x000000074a300000| Untracked 
| 138|0x000000074a400000, 0x000000074a400000, 0x000000074a500000|  0%| F|  |TAMS 0x000000074a400000, 0x000000074a400000| Untracked 
| 139|0x000000074a500000, 0x000000074a500000, 0x000000074a600000|  0%| F|  |TAMS 0x000000074a500000, 0x000000074a500000| Untracked 
| 140|0x000000074a600000, 0x000000074a600000, 0x000000074a700000|  0%| F|  |TAMS 0x000000074a600000, 0x000000074a600000| Untracked 
| 141|0x000000074a700000, 0x000000074a700000, 0x000000074a800000|  0%| F|  |TAMS 0x000000074a700000, 0x000000074a700000| Untracked 
| 142|0x000000074a800000, 0x000000074a800000, 0x000000074a900000|  0%| F|  |TAMS 0x000000074a800000, 0x000000074a800000| Untracked 
| 143|0x000000074a900000, 0x000000074a900000, 0x000000074aa00000|  0%| F|  |TAMS 0x000000074a900000, 0x000000074a900000| Untracked 
| 144|0x000000074aa00000, 0x000000074aa00000, 0x000000074ab00000|  0%| F|  |TAMS 0x000000074aa00000, 0x000000074aa00000| Untracked 
| 145|0x000000074ab00000, 0x000000074ab00000, 0x000000074ac00000|  0%| F|  |TAMS 0x000000074ab00000, 0x000000074ab00000| Untracked 
| 146|0x000000074ac00000, 0x000000074ac00000, 0x000000074ad00000|  0%| F|  |TAMS 0x000000074ac00000, 0x000000074ac00000| Untracked 
| 147|0x000000074ad00000, 0x000000074ad00000, 0x000000074ae00000|  0%| F|  |TAMS 0x000000074ad00000, 0x000000074ad00000| Untracked 
| 148|0x000000074ae00000, 0x000000074ae00000, 0x000000074af00000|  0%| F|  |TAMS 0x000000074ae00000, 0x000000074ae00000| Untracked 
| 149|0x000000074af00000, 0x000000074af00000, 0x000000074b000000|  0%| F|  |TAMS 0x000000074af00000, 0x000000074af00000| Untracked 
| 150|0x000000074b000000, 0x000000074b000000, 0x000000074b100000|  0%| F|  |TAMS 0x000000074b000000, 0x000000074b000000| Untracked 
| 151|0x000000074b100000, 0x000000074b100000, 0x000000074b200000|  0%| F|  |TAMS 0x000000074b100000, 0x000000074b100000| Untracked 
| 152|0x000000074b200000, 0x000000074b200000, 0x000000074b300000|  0%| F|  |TAMS 0x000000074b200000, 0x000000074b200000| Untracked 
| 153|0x000000074b300000, 0x000000074b300000, 0x000000074b400000|  0%| F|  |TAMS 0x000000074b300000, 0x000000074b300000| Untracked 
| 154|0x000000074b400000, 0x000000074b400000, 0x000000074b500000|  0%| F|  |TAMS 0x000000074b400000, 0x000000074b400000| Untracked 
| 155|0x000000074b500000, 0x000000074b500000, 0x000000074b600000|  0%| F|  |TAMS 0x000000074b500000, 0x000000074b500000| Untracked 
| 156|0x000000074b600000, 0x000000074b600000, 0x000000074b700000|  0%| F|  |TAMS 0x000000074b600000, 0x000000074b600000| Untracked 
| 157|0x000000074b700000, 0x000000074b700000, 0x000000074b800000|  0%| F|  |TAMS 0x000000074b700000, 0x000000074b700000| Untracked 
| 158|0x000000074b800000, 0x000000074b800000, 0x000000074b900000|  0%| F|  |TAMS 0x000000074b800000, 0x000000074b800000| Untracked 
| 159|0x000000074b900000, 0x000000074b900000, 0x000000074ba00000|  0%| F|  |TAMS 0x000000074b900000, 0x000000074b900000| Untracked 
| 160|0x000000074ba00000, 0x000000074ba00000, 0x000000074bb00000|  0%| F|  |TAMS 0x000000074ba00000, 0x000000074ba00000| Untracked 
| 161|0x000000074bb00000, 0x000000074bb00000, 0x000000074bc00000|  0%| F|  |TAMS 0x000000074bb00000, 0x000000074bb00000| Untracked 
| 162|0x000000074bc00000, 0x000000074bc00000, 0x000000074bd00000|  0%| F|  |TAMS 0x000000074bc00000, 0x000000074bc00000| Untracked 
| 163|0x000000074bd00000, 0x000000074bd00000, 0x000000074be00000|  0%| F|  |TAMS 0x000000074bd00000, 0x000000074bd00000| Untracked 
| 164|0x000000074be00000, 0x000000074be00000, 0x000000074bf00000|  0%| F|  |TAMS 0x000000074be00000, 0x000000074be00000| Untracked 
| 165|0x000000074bf00000, 0x000000074bf00000, 0x000000074c000000|  0%| F|  |TAMS 0x000000074bf00000, 0x000000074bf00000| Untracked 
| 166|0x000000074c000000, 0x000000074c000000, 0x000000074c100000|  0%| F|  |TAMS 0x000000074c000000, 0x000000074c000000| Untracked 
| 167|0x000000074c100000, 0x000000074c100000, 0x000000074c200000|  0%| F|  |TAMS 0x000000074c100000, 0x000000074c100000| Untracked 
| 168|0x000000074c200000, 0x000000074c200000, 0x000000074c300000|  0%| F|  |TAMS 0x000000074c200000, 0x000000074c200000| Untracked 
| 169|0x000000074c300000, 0x000000074c300000, 0x000000074c400000|  0%| F|  |TAMS 0x000000074c300000, 0x000000074c300000| Untracked 
| 170|0x000000074c400000, 0x000000074c400000, 0x000000074c500000|  0%| F|  |TAMS 0x000000074c400000, 0x000000074c400000| Untracked 
| 171|0x000000074c500000, 0x000000074c500000, 0x000000074c600000|  0%| F|  |TAMS 0x000000074c500000, 0x000000074c500000| Untracked 
| 172|0x000000074c600000, 0x000000074c600000, 0x000000074c700000|  0%| F|  |TAMS 0x000000074c600000, 0x000000074c600000| Untracked 
| 173|0x000000074c700000, 0x000000074c800000, 0x000000074c800000|100%| S|CS|TAMS 0x000000074c700000, 0x000000074c700000| Complete 
| 174|0x000000074c800000, 0x000000074c900000, 0x000000074c900000|100%| S|CS|TAMS 0x000000074c800000, 0x000000074c800000| Complete 
| 175|0x000000074c900000, 0x000000074ca00000, 0x000000074ca00000|100%| S|CS|TAMS 0x000000074c900000, 0x000000074c900000| Complete 
| 176|0x000000074ca00000, 0x000000074cb00000, 0x000000074cb00000|100%| S|CS|TAMS 0x000000074ca00000, 0x000000074ca00000| Complete 
| 177|0x000000074cb00000, 0x000000074cc00000, 0x000000074cc00000|100%| S|CS|TAMS 0x000000074cb00000, 0x000000074cb00000| Complete 
| 178|0x000000074cc00000, 0x000000074cd00000, 0x000000074cd00000|100%| S|CS|TAMS 0x000000074cc00000, 0x000000074cc00000| Complete 
| 179|0x000000074cd00000, 0x000000074cd00000, 0x000000074ce00000|  0%| F|  |TAMS 0x000000074cd00000, 0x000000074cd00000| Untracked 
| 180|0x000000074ce00000, 0x000000074ce00000, 0x000000074cf00000|  0%| F|  |TAMS 0x000000074ce00000, 0x000000074ce00000| Untracked 
| 181|0x000000074cf00000, 0x000000074cf00000, 0x000000074d000000|  0%| F|  |TAMS 0x000000074cf00000, 0x000000074cf00000| Untracked 
| 182|0x000000074d000000, 0x000000074d000000, 0x000000074d100000|  0%| F|  |TAMS 0x000000074d000000, 0x000000074d000000| Untracked 
| 183|0x000000074d100000, 0x000000074d100000, 0x000000074d200000|  0%| F|  |TAMS 0x000000074d100000, 0x000000074d100000| Untracked 
| 184|0x000000074d200000, 0x000000074d200000, 0x000000074d300000|  0%| F|  |TAMS 0x000000074d200000, 0x000000074d200000| Untracked 
| 185|0x000000074d300000, 0x000000074d300000, 0x000000074d400000|  0%| F|  |TAMS 0x000000074d300000, 0x000000074d300000| Untracked 
| 186|0x000000074d400000, 0x000000074d400000, 0x000000074d500000|  0%| F|  |TAMS 0x000000074d400000, 0x000000074d400000| Untracked 
| 187|0x000000074d500000, 0x000000074d500000, 0x000000074d600000|  0%| F|  |TAMS 0x000000074d500000, 0x000000074d500000| Untracked 
| 188|0x000000074d600000, 0x000000074d600000, 0x000000074d700000|  0%| F|  |TAMS 0x000000074d600000, 0x000000074d600000| Untracked 
| 189|0x000000074d700000, 0x000000074d700000, 0x000000074d800000|  0%| F|  |TAMS 0x000000074d700000, 0x000000074d700000| Untracked 
| 190|0x000000074d800000, 0x000000074d800000, 0x000000074d900000|  0%| F|  |TAMS 0x000000074d800000, 0x000000074d800000| Untracked 
| 191|0x000000074d900000, 0x000000074d900000, 0x000000074da00000|  0%| F|  |TAMS 0x000000074d900000, 0x000000074d900000| Untracked 

Card table byte_map: [0x0000027945240000,0x0000027945840000] _byte_map_base: 0x0000027941833000

Marking Bits (Prev, Next): (CMBitMap*) 0x000002792d348428, (CMBitMap*) 0x000002792d348460
 Prev Bits: [0x0000027945e40000, 0x0000027948dd8000)
 Next Bits: [0x0000027948de0000, 0x000002794bd78000)

Polling page: 0x000002792b920000

Metaspace:

Usage:
  Non-class:     50.58 MB capacity,    49.73 MB ( 98%) used,   696.34 KB (  1%) free+waste,   177.94 KB ( <1%) overhead. 
      Class:      7.96 MB capacity,     7.39 MB ( 93%) used,   495.61 KB (  6%) free+waste,    85.38 KB (  1%) overhead. 
       Both:     58.54 MB capacity,    57.12 MB ( 98%) used,     1.16 MB (  2%) free+waste,   263.31 KB ( <1%) overhead. 

Virtual space:
  Non-class space:       52.00 MB reserved,      50.62 MB ( 97%) committed 
      Class space:        1.00 GB reserved,       8.00 MB ( <1%) committed 
             Both:        1.05 GB reserved,      58.62 MB (  5%) committed 

Chunk freelists:
   Non-Class:  3.25 KB
       Class:  1.63 KB
        Both:  4.88 KB

CodeHeap 'non-profiled nmethods': size=238912Kb used=10192Kb max_used=10192Kb free=228719Kb
 bounds [0x0000027935cd0000, 0x00000279366d0000, 0x0000027944620000]
CodeHeap 'non-nmethods': size=6848Kb used=2469Kb max_used=2469Kb free=4378Kb
 bounds [0x0000027935620000, 0x0000027935890000, 0x0000027935cd0000]
 total_blobs=6499 nmethods=5857 adapters=556
 compilation: enabled
              stopped_count=0, restarted_count=0
 full_count=0

Compilation events (10 events):
Event: 16.524 Thread 0x000002794f850800 5854       1       org.springframework.beans.PropertyValue::isOptional (5 bytes)
Event: 16.525 Thread 0x000002794f850800 nmethod 5854 0x00000279366c0e10 code [0x00000279366c0fc0, 0x00000279366c10d8]
Event: 16.554 Thread 0x000002794ece9800 5855       1       sun.reflect.generics.reflectiveObjects.WildcardTypeImpl::getLowerBounds (34 bytes)
Event: 16.554 Thread 0x000002794f863000 5856       1       sun.reflect.generics.reflectiveObjects.WildcardTypeImpl::getUpperBounds (34 bytes)
Event: 16.555 Thread 0x000002794ece9800 nmethod 5855 0x00000279366c1190 code [0x00000279366c1360, 0x00000279366c1680]
Event: 16.555 Thread 0x000002794f850800 5857       1       org.springframework.aop.support.AopUtils::canApply (206 bytes)
Event: 16.556 Thread 0x000002794f863000 nmethod 5856 0x00000279366c1790 code [0x00000279366c1960, 0x00000279366c1c80]
Event: 16.557 Thread 0x000002794ece9800 5858       1       sun.rmi.transport.tcp.TCPConnection::getOutputStream (30 bytes)
Event: 16.558 Thread 0x000002794ece9800 nmethod 5858 0x00000279366c1d90 code [0x00000279366c1f60, 0x00000279366c2410]
Event: 16.558 Thread 0x000002794f850800 nmethod 5857 0x00000279366c2590 code [0x00000279366c2920, 0x00000279366c37f0]

GC Heap History (10 events):
Event: 9.791 GC heap after
{Heap after GC invocations=7 (full 0):
 garbage-first heap   total 196608K, used 14289K [0x0000000741a00000, 0x0000000800000000)
  region size 1024K, 7 young (7168K), 7 survivors (7168K)
 Metaspace       used 27848K, capacity 28749K, committed 29104K, reserved 1075200K
  class space    used 3396K, capacity 3732K, committed 3840K, reserved 1048576K
}
Event: 10.623 GC heap before
{Heap before GC invocations=7 (full 0):
 garbage-first heap   total 196608K, used 99281K [0x0000000741a00000, 0x0000000800000000)
  region size 1024K, 91 young (93184K), 7 survivors (7168K)
 Metaspace       used 29689K, capacity 30623K, committed 30896K, reserved 1077248K
  class space    used 3618K, capacity 3988K, committed 4096K, reserved 1048576K
}
Event: 10.635 GC heap after
{Heap after GC invocations=8 (full 0):
 garbage-first heap   total 196608K, used 15670K [0x0000000741a00000, 0x0000000800000000)
  region size 1024K, 8 young (8192K), 8 survivors (8192K)
 Metaspace       used 29689K, capacity 30623K, committed 30896K, reserved 1077248K
  class space    used 3618K, capacity 3988K, committed 4096K, reserved 1048576K
}
Event: 11.907 GC heap before
{Heap before GC invocations=8 (full 0):
 garbage-first heap   total 196608K, used 71990K [0x0000000741a00000, 0x0000000800000000)
  region size 1024K, 64 young (65536K), 8 survivors (8192K)
 Metaspace       used 34567K, capacity 35679K, committed 35888K, reserved 1081344K
  class space    used 4293K, capacity 4705K, committed 4736K, reserved 1048576K
}
Event: 11.932 GC heap after
{Heap after GC invocations=9 (full 0):
 garbage-first heap   total 196608K, used 18188K [0x0000000741a00000, 0x0000000800000000)
  region size 1024K, 10 young (10240K), 10 survivors (10240K)
 Metaspace       used 34567K, capacity 35679K, committed 35888K, reserved 1081344K
  class space    used 4293K, capacity 4705K, committed 4736K, reserved 1048576K
}
Event: 13.211 GC heap before
{Heap before GC invocations=10 (full 0):
 garbage-first heap   total 196608K, used 125708K [0x0000000741a00000, 0x0000000800000000)
  region size 1024K, 115 young (117760K), 10 survivors (10240K)
 Metaspace       used 41205K, capacity 42518K, committed 42672K, reserved 1087488K
  class space    used 5040K, capacity 5551K, committed 5632K, reserved 1048576K
}
Event: 13.232 GC heap after
{Heap after GC invocations=11 (full 0):
 garbage-first heap   total 196608K, used 22976K [0x0000000741a00000, 0x0000000800000000)
  region size 1024K, 13 young (13312K), 13 survivors (13312K)
 Metaspace       used 41205K, capacity 42518K, committed 42672K, reserved 1087488K
  class space    used 5040K, capacity 5551K, committed 5632K, reserved 1048576K
}
Event: 16.084 GC heap before
{Heap before GC invocations=11 (full 0):
 garbage-first heap   total 196608K, used 127424K [0x0000000741a00000, 0x0000000800000000)
  region size 1024K, 115 young (117760K), 13 survivors (13312K)
 Metaspace       used 57023K, capacity 58420K, committed 58544K, reserved 1099776K
  class space    used 7358K, capacity 7894K, committed 7936K, reserved 1048576K
}
Event: 16.106 GC heap after
{Heap after GC invocations=12 (full 0):
 garbage-first heap   total 196608K, used 27326K [0x0000000741a00000, 0x0000000800000000)
  region size 1024K, 12 young (12288K), 12 survivors (12288K)
 Metaspace       used 57023K, capacity 58420K, committed 58544K, reserved 1099776K
  class space    used 7358K, capacity 7894K, committed 7936K, reserved 1048576K
}
Event: 16.608 GC heap before
{Heap before GC invocations=12 (full 0):
 garbage-first heap   total 196608K, used 39614K [0x0000000741a00000, 0x0000000800000000)
  region size 1024K, 25 young (25600K), 12 survivors (12288K)
 Metaspace       used 58489K, capacity 59945K, committed 60028K, reserved 1101824K
  class space    used 7566K, capacity 8147K, committed 8192K, reserved 1048576K
}

Deoptimization events (0 events):
No events

Classes redefined (0 events):
No events

Internal exceptions (10 events):
Event: 16.436 Thread 0x000002792d2f8800 Exception <a 'java/lang/ClassNotFoundException'{0x000000074d3a3838}: org/springframework/beans/factory/AwareCustomizer> (0x000000074d3a3838) thrown at [t:/workspace/open/src/hotspot/share/classfile/systemDictionary.cpp, line 231]
Event: 16.438 Thread 0x000002792d2f8800 Exception <a 'java/lang/ClassNotFoundException'{0x000000074d3b8af0}: org/springframework/beans/factory/BeanFactoryAwareCustomizer> (0x000000074d3b8af0) thrown at [t:/workspace/open/src/hotspot/share/classfile/systemDictionary.cpp, line 231]
Event: 16.439 Thread 0x000002792d2f8800 Exception <a 'java/lang/ClassNotFoundException'{0x000000074d3cc7b8}: org/springframework/beans/factory/AwareCustomizer> (0x000000074d3cc7b8) thrown at [t:/workspace/open/src/hotspot/share/classfile/systemDictionary.cpp, line 231]
Event: 16.440 Thread 0x000002792d2f8800 Exception <a 'java/lang/ClassNotFoundException'{0x000000074d3e3150}: org/springframework/context/ApplicationEventPublisherAwareCustomizer> (0x000000074d3e3150) thrown at [t:/workspace/open/src/hotspot/share/classfile/systemDictionary.cpp, line 231]
Event: 16.443 Thread 0x000002792d2f8800 Exception <a 'java/lang/ClassNotFoundException'{0x000000074d3f7070}: org/springframework/beans/factory/AwareCustomizer> (0x000000074d3f7070) thrown at [t:/workspace/open/src/hotspot/share/classfile/systemDictionary.cpp, line 231]
Event: 16.455 Thread 0x000002792d2f8800 Exception <a 'java/lang/ClassNotFoundException'{0x000000074d22d600}: java/lang/ObjectCustomizer> (0x000000074d22d600) thrown at [t:/workspace/open/src/hotspot/share/classfile/systemDictionary.cpp, line 231]
Event: 16.456 Thread 0x000002792d2f8800 Exception <a 'java/lang/ClassNotFoundException'{0x000000074d2474f0}: org/springframework/core/io/support/PropertiesLoaderSupportCustomizer> (0x000000074d2474f0) thrown at [t:/workspace/open/src/hotspot/share/classfile/systemDictionary.cpp, line 231]
Event: 16.463 Thread 0x000002792d2f8800 Exception <a 'java/lang/ClassNotFoundException'{0x000000074d266c40}: org/springframework/beans/factory/config/PropertiesFactoryBeanCustomizer> (0x000000074d266c40) thrown at [t:/workspace/open/src/hotspot/share/classfile/systemDictionary.cpp, line 231]
Event: 16.465 Thread 0x000002792d2f8800 Exception <a 'java/lang/ClassNotFoundException'{0x000000074d28b6d8}: org/springframework/beans/factory/FactoryBeanCustomizer> (0x000000074d28b6d8) thrown at [t:/workspace/open/src/hotspot/share/classfile/systemDictionary.cpp, line 231]
Event: 16.466 Thread 0x000002792d2f8800 Exception <a 'java/lang/ClassNotFoundException'{0x000000074d2a33f8}: org/springframework/beans/factory/InitializingBeanCustomizer> (0x000000074d2a33f8) thrown at [t:/workspace/open/src/hotspot/share/classfile/systemDictionary.cpp, line 231]

Events (10 events):
Event: 16.590 loading class org/springframework/orm/jpa/EntityManagerFactoryUtils done
Event: 16.592 loading class org/hibernate/internal/SessionImpl
Event: 16.592 loading class org/hibernate/internal/SessionImpl done
Event: 16.595 loading class org/hibernate/event/spi/EventSource
Event: 16.595 loading class org/hibernate/event/spi/EventSource done
Event: 16.600 loading class org/hibernate/internal/AbstractSessionImpl
Event: 16.600 loading class org/hibernate/internal/AbstractSessionImpl done
Event: 16.600 loading class org/hibernate/internal/AbstractSharedSessionContract
Event: 16.600 loading class org/hibernate/internal/AbstractSharedSessionContract done
Event: 16.608 Executing VM operation: CollectForMetadataAllocation


Dynamic libraries:
0x00007ff6e2d60000 - 0x00007ff6e2da5000 	C:\Program Files\Java\jdk-11\bin\java.exe
0x00007ffd50180000 - 0x00007ffd5036d000 	C:\Windows\SYSTEM32\ntdll.dll
0x00007ffd4d950000 - 0x00007ffd4da03000 	C:\Windows\System32\KERNEL32.DLL
0x00007ffd4c9f0000 - 0x00007ffd4cc83000 	C:\Windows\System32\KERNELBASE.dll
0x00007ffd4dac0000 - 0x00007ffd4dc57000 	C:\Windows\System32\USER32.dll
0x00007ffd4d1b0000 - 0x00007ffd4d1d0000 	C:\Windows\System32\win32u.dll
0x00007ffd4d820000 - 0x00007ffd4d849000 	C:\Windows\System32\GDI32.dll
0x00007ffd4d200000 - 0x00007ffd4d399000 	C:\Windows\System32\gdi32full.dll
0x00007ffd4cf60000 - 0x00007ffd4d000000 	C:\Windows\System32\msvcp_win.dll
0x00007ffd4d000000 - 0x00007ffd4d0fa000 	C:\Windows\System32\ucrtbase.dll
0x00007ffd3dbe0000 - 0x00007ffd3de59000 	C:\Windows\WinSxS\amd64_microsoft.windows.common-controls_6595b64144ccf1df_6.0.17763.973_none_05b245900721eb81\COMCTL32.dll
0x00007ffd4dd10000 - 0x00007ffd4ddae000 	C:\Windows\System32\msvcrt.dll
0x00007ffd4f640000 - 0x00007ffd4f96c000 	C:\Windows\System32\combase.dll
0x00007ffd4fb30000 - 0x00007ffd4fc52000 	C:\Windows\System32\RPCRT4.dll
0x00007ffd4cee0000 - 0x00007ffd4cf5e000 	C:\Windows\System32\bcryptPrimitives.dll
0x00007ffd4fff0000 - 0x00007ffd5001e000 	C:\Windows\System32\IMM32.DLL
0x00007ffd43a00000 - 0x00007ffd43a16000 	C:\Program Files\Java\jdk-11\bin\vcruntime140.dll
0x00007ffd28380000 - 0x00007ffd2842a000 	C:\Program Files\Java\jdk-11\bin\msvcp140.dll
0x00007ffd03850000 - 0x00007ffd04391000 	C:\Program Files\Java\jdk-11\bin\server\jvm.dll
0x00007ffd4f970000 - 0x00007ffd4fa13000 	C:\Windows\System32\ADVAPI32.dll
0x00007ffd4d850000 - 0x00007ffd4d8ee000 	C:\Windows\System32\sechost.dll
0x00007ffd4fda0000 - 0x00007ffd4fda8000 	C:\Windows\System32\PSAPI.DLL
0x00007ffd4a360000 - 0x00007ffd4a369000 	C:\Windows\SYSTEM32\WSOCK32.dll
0x00007ffd4fc60000 - 0x00007ffd4fccd000 	C:\Windows\System32\WS2_32.dll
0x00007ffd4a320000 - 0x00007ffd4a344000 	C:\Windows\SYSTEM32\WINMM.dll
0x00007ffd43310000 - 0x00007ffd4331a000 	C:\Windows\SYSTEM32\VERSION.dll
0x00007ffd4a2b0000 - 0x00007ffd4a2dd000 	C:\Windows\SYSTEM32\WINMMBASE.dll
0x00007ffd4ce90000 - 0x00007ffd4ceda000 	C:\Windows\System32\cfgmgr32.dll
0x00007ffd4c170000 - 0x00007ffd4c181000 	C:\Windows\System32\kernel.appcore.dll
0x00007ffd439e0000 - 0x00007ffd439f1000 	C:\Program Files\Java\jdk-11\bin\verify.dll
0x00007ffd45ec0000 - 0x00007ffd460ad000 	C:\Windows\SYSTEM32\DBGHELP.DLL
0x00007ffd45d60000 - 0x00007ffd45d8a000 	C:\Windows\SYSTEM32\dbgcore.DLL
0x00007ffd438e0000 - 0x00007ffd43908000 	C:\Program Files\Java\jdk-11\bin\java.dll
0x00007ffd10940000 - 0x00007ffd10977000 	C:\Program Files\Java\jdk-11\bin\jdwp.dll
0x00007ffd3b380000 - 0x00007ffd3b3af000 	C:\Program Files\Java\jdk-11\bin\instrument.dll
0x00007ffd43870000 - 0x00007ffd43886000 	C:\Program Files\Java\jdk-11\bin\zip.dll
0x00007ffd4a3f0000 - 0x00007ffd4a3fa000 	C:\Program Files\Java\jdk-11\bin\jimage.dll
0x00007ffd4de70000 - 0x00007ffd4f364000 	C:\Windows\System32\SHELL32.dll
0x00007ffd4dc60000 - 0x00007ffd4dd08000 	C:\Windows\System32\shcore.dll
0x00007ffd4c2a0000 - 0x00007ffd4c9ed000 	C:\Windows\System32\windows.storage.dll
0x00007ffd4c210000 - 0x00007ffd4c234000 	C:\Windows\System32\profapi.dll
0x00007ffd4c1b0000 - 0x00007ffd4c20d000 	C:\Windows\System32\powrprof.dll
0x00007ffd4fa20000 - 0x00007ffd4fa72000 	C:\Windows\System32\shlwapi.dll
0x00007ffd4cc90000 - 0x00007ffd4cca7000 	C:\Windows\System32\cryptsp.dll
0x00007ffd438d0000 - 0x00007ffd438da000 	C:\Program Files\Java\jdk-11\bin\dt_socket.dll
0x00007ffd4b990000 - 0x00007ffd4b9f7000 	C:\Windows\system32\mswsock.dll
0x00007ffd420b0000 - 0x00007ffd420c9000 	C:\Program Files\Java\jdk-11\bin\net.dll
0x00007ffd478c0000 - 0x00007ffd479b2000 	C:\Windows\SYSTEM32\WINHTTP.dll
0x00007ffd3d5d0000 - 0x00007ffd3d5e3000 	C:\Program Files\Java\jdk-11\bin\nio.dll
0x00007ffd4b700000 - 0x00007ffd4b7c6000 	C:\Windows\SYSTEM32\DNSAPI.dll
0x00007ffd4ff60000 - 0x00007ffd4ff68000 	C:\Windows\System32\NSI.dll
0x00007ffd4b6c0000 - 0x00007ffd4b6fd000 	C:\Windows\SYSTEM32\IPHLPAPI.DLL
0x00007ffd3f6c0000 - 0x00007ffd3f6ca000 	C:\Windows\System32\rasadhlp.dll
0x00007ffd3f980000 - 0x00007ffd3f9f9000 	C:\Windows\System32\fwpuclnt.dll
0x00007ffd4d1d0000 - 0x00007ffd4d1f6000 	C:\Windows\System32\bcrypt.dll
0x00007ffd47e20000 - 0x00007ffd47e29000 	C:\Program Files\Java\jdk-11\bin\management.dll
0x00007ffd440e0000 - 0x00007ffd440ec000 	C:\Program Files\Java\jdk-11\bin\management_ext.dll
0x00007ffd4b520000 - 0x00007ffd4b553000 	C:\Windows\system32\rsaenh.dll
0x00007ffd4c0a0000 - 0x00007ffd4c0c8000 	C:\Windows\SYSTEM32\USERENV.dll
0x00007ffd4bb10000 - 0x00007ffd4bb1c000 	C:\Windows\SYSTEM32\CRYPTBASE.dll
0x00007ffd46730000 - 0x00007ffd46746000 	C:\Windows\SYSTEM32\dhcpcsvc6.DLL
0x00007ffd46670000 - 0x00007ffd4668c000 	C:\Windows\SYSTEM32\dhcpcsvc.DLL
0x00007ffd2bbe0000 - 0x00007ffd2bbf6000 	C:\Windows\system32\napinsp.dll
0x00007ffd2bbc0000 - 0x00007ffd2bbda000 	C:\Windows\system32\pnrpnsp.dll
0x00007ffd29600000 - 0x00007ffd2960e000 	C:\Windows\System32\winrnr.dll
0x00007ffd46ec0000 - 0x00007ffd46edb000 	C:\Windows\system32\NLAapi.dll
0x00007ffd295e0000 - 0x00007ffd295f5000 	C:\Windows\system32\wshbth.dll
0x00007ffd21e70000 - 0x00007ffd21e97000 	C:\Program Files\Java\jdk-11\bin\sunec.dll
0x00007ffd433f0000 - 0x00007ffd433fd000 	C:\Program Files\Java\jdk-11\bin\sunmscapi.dll
0x00007ffd4ccb0000 - 0x00007ffd4ce8c000 	C:\Windows\System32\CRYPT32.dll
0x00007ffd4c190000 - 0x00007ffd4c1a2000 	C:\Windows\System32\MSASN1.dll
0x00007ffd4bcb0000 - 0x00007ffd4bcd6000 	C:\Windows\SYSTEM32\ncrypt.dll
0x00007ffd4bc70000 - 0x00007ffd4bcac000 	C:\Windows\SYSTEM32\NTASN1.dll

dbghelp: loaded successfully - version: 4.0.5 - missing functions: none
symbol engine: initialized successfully - sym options: 0x614 - pdb path: .;C:\Program Files\Java\jdk-11\bin;C:\Windows\SYSTEM32;C:\Windows\WinSxS\amd64_microsoft.windows.common-controls_6595b64144ccf1df_6.0.17763.973_none_05b245900721eb81;C:\Program Files\Java\jdk-11\bin\server

VM Arguments:
jvm_args: -agentlib:jdwp=transport=dt_socket,address=127.0.0.1:52779,suspend=y,server=n -XX:TieredStopAtLevel=1 -Xverify:none -Dspring.output.ansi.enabled=always -Dcom.sun.management.jmxremote -Dspring.jmx.enabled=true -Dspring.liveBeansView.mbeanDomain -Dspring.application.admin.enabled=true -javaagent:C:\Users\HOME\.IntelliJIdea2019.2\system\captureAgent\debugger-agent.jar -Dfile.encoding=UTF-8 
java_command: com.storyart.commentservice.CommentServiceApplication
java_class_path (initial): E:\FPTU\SE 9\Capstones\project\StoryArt\source_code\micro-services\comment-service\target\classes;C:\Users\HOME\.m2\repository\org\springframework\boot\spring-boot-starter-data-jpa\2.2.4.RELEASE\spring-boot-starter-data-jpa-2.2.4.RELEASE.jar;C:\Users\HOME\.m2\repository\org\springframework\boot\spring-boot-starter-aop\2.2.4.RELEASE\spring-boot-starter-aop-2.2.4.RELEASE.jar;C:\Users\HOME\.m2\repository\org\springframework\spring-aop\5.2.3.RELEASE\spring-aop-5.2.3.RELEASE.jar;C:\Users\HOME\.m2\repository\org\aspectj\aspectjweaver\1.9.5\aspectjweaver-1.9.5.jar;C:\Users\HOME\.m2\repository\org\springframework\boot\spring-boot-starter-jdbc\2.2.4.RELEASE\spring-boot-starter-jdbc-2.2.4.RELEASE.jar;C:\Users\HOME\.m2\repository\com\zaxxer\HikariCP\3.4.2\HikariCP-3.4.2.jar;C:\Users\HOME\.m2\repository\org\springframework\spring-jdbc\5.2.3.RELEASE\spring-jdbc-5.2.3.RELEASE.jar;C:\Users\HOME\.m2\repository\jakarta\activation\jakarta.activation-api\1.2.1\jakarta.activation-api-1.2.1.jar;C:\Users\HOME\.m2\repository\jakarta\persistence\jakarta.persistence-api\2.2.3\jakarta.persistence-api-2.2.3.jar;C:\Users\HOME\.m2\repository\jakarta\transaction\jakarta.transaction-api\1.3.3\jakarta.transaction-api-1.3.3.jar;C:\Users\HOME\.m2\repository\org\hibernate\hibernate-core\5.4.10.Final\hibernate-core-5.4.10.Final.jar;C:\Users\HOME\.m2\repository\org\jboss\logging\jboss-logging\3.4.1.Final\jboss-logging-3.4.1.Final.jar;C:\Users\HOME\.m2\repository\org\javassist\javassist\3.24.0-GA\javassist-3.24.0-GA.jar;C:\Users\HOME\.m2\repository\net\bytebuddy\byte-buddy\1.10.6\byte-buddy-1.10.6.jar;C:\Users\HOME\.m2\repository\antlr\antlr\2.7.7\antlr-2.7.7.jar;C:\Users\HOME\.m2\repository\org\jboss\jandex\2.1.1.Final\jandex-2.1.1.Final.jar;C:\Users\HOME\.m2\repository\com\fasterxml\classmate\1.5.1\classmate-1.5.1.jar;C:\Users\HOME\.m2\repository\org\dom4j\dom4j\2.1.1\dom4j-2.1.1.jar;C:\Users\HOME\.m2\repository\org\hibernate\common\hibernate-commons-annotations\5.1.0.Fina
Launcher Type: SUN_STANDARD

[Global flags]
     bool BytecodeVerificationLocal                = false                                     {product} {command line}
     bool BytecodeVerificationRemote               = false                                     {product} {command line}
     intx CICompilerCount                          = 3                                         {product} {ergonomic}
     uint ConcGCThreads                            = 1                                         {product} {ergonomic}
     uint G1ConcRefinementThreads                  = 4                                         {product} {ergonomic}
   size_t G1HeapRegionSize                         = 1048576                                   {product} {ergonomic}
    uintx GCDrainStackTargetSize                   = 64                                        {product} {ergonomic}
   size_t InitialHeapSize                          = 201326592                                 {product} {ergonomic}
     bool ManagementServer                         = true                                      {product} {command line}
   size_t MarkStackSize                            = 4194304                                   {product} {ergonomic}
   size_t MaxHeapSize                              = 3193962496                                {product} {ergonomic}
   size_t MaxNewSize                               = 1915748352                                {product} {ergonomic}
   size_t MinHeapDeltaBytes                        = 1048576                                   {product} {ergonomic}
    uintx NonNMethodCodeHeapSize                   = 6973028                                {pd product} {ergonomic}
    uintx NonProfiledCodeHeapSize                  = 244685212                              {pd product} {ergonomic}
    uintx ProfiledCodeHeapSize                     = 0                                      {pd product} {ergonomic}
    uintx ReservedCodeCacheSize                    = 251658240                              {pd product} {ergonomic}
     bool SegmentedCodeCache                       = true                                      {product} {ergonomic}
     intx TieredStopAtLevel                        = 1                                         {product} {command line}
     bool UseCompressedClassPointers               = true                                 {lp64_product} {ergonomic}
     bool UseCompressedOops                        = true                                 {lp64_product} {ergonomic}
     bool UseG1GC                                  = true                                      {product} {ergonomic}
     bool UseLargePagesIndividualAllocation        = false                                  {pd product} {ergonomic}

Logging:
Log output configuration:
 #0: stdout all=warning uptime,level,tags
 #1: stderr all=off uptime,level,tags

Environment Variables:
JAVA_HOME=C:\Program Files\Java\jdk-11
PATH=C:\Program Files\Java\jdk-11\bin;C:\Program Files (x86)\Common Files\Oracle\Java\javapath;C:\Windows\system32;C:\Windows;C:\Windows\System32\Wbem;C:\Windows\System32\WindowsPowerShell\v1.0\;C:\Windows\System32\OpenSSH\;C:\Program Files\dotnet\;C:\Program Files\Microsoft SQL Server\130\Tools\Binn\;C:\Program Files\Microsoft SQL Server\Client SDK\ODBC\130\Tools\Binn\;C:\Program Files (x86)\Microsoft SQL Server\140\Tools\Binn\;C:\Program Files\Microsoft SQL Server\140\Tools\Binn\;C:\Program Files\Microsoft SQL Server\140\DTS\Binn\;C:\Program Files (x86)\Microsoft SQL Server\Client SDK\ODBC\130\Tools\Binn\;C:\Program Files (x86)\Microsoft SQL Server\140\DTS\Binn\;C:\Program Files (x86)\Microsoft SQL Server\140\Tools\Binn\ManagementStudio\;C:\xampp\php;C:\Users\HOME\AppData\Local\Android\Sdk\platform-tools;C:\Users\HOME\AppData\Local\Android\Sdk\tools;C:\Program Files\Microsoft SQL Server\Client SDK\ODBC\170\Tools\Binn\;C:\Program Files\Git\cmd;C:\Users\HOME\bin\Sencha\Cmd;C:\Program Files\PuTTY\;C:\apache-maven-3.6.2\bin;C:\Users\HOME\AppData\Roaming\npm;C:\Program Files\nodejs\;C:\Program Files\MySQL\MySQL Shell 8.0\bin\;C:\Users\HOME\AppData\Local\Programs\Microsoft VS Code\bin;C:\Program Files\heroku\bin;C:\flutter\flutter\bin;C:\Users\HOME\AppData\Roaming\npm
USERNAME=HOME
OS=Windows_NT
PROCESSOR_IDENTIFIER=Intel64 Family 6 Model 78 Stepping 3, GenuineIntel



---------------  S Y S T E M  ---------------

OS: Windows 10 , 64 bit Build 17763 (10.0.17763.475)

CPU:total 4 (initial active 4) (2 cores per cpu, 2 threads per core) family 6 model 78 stepping 3, cmov, cx8, fxsr, mmx, sse, sse2, sse3, ssse3, sse4.1, sse4.2, popcnt, avx, avx2, aes, clmul, erms, 3dnowpref, lzcnt, ht, tsc, tscinvbit, bmi1, bmi2, adx, fma

Memory: 4k page, system-wide physical 12179M (2120M free)
TotalPageFile size 18229M (AvailPageFile size 15M)
current process WorkingSet (physical memory assigned to process): 278M, peak: 278M
current process commit charge ("private bytes"): 356M, peak: 395M

vm_info: OpenJDK 64-Bit Server VM (11+28) for windows-amd64 JRE (11+28), built on Aug 23 2018 03:04:58 by "mach5one" with MS VC++ 15.5 (VS2017)

END.
